[    0.00000] Initializing cgroup subsys cpuset
[    0.000000] Initializing cgroup subsys cpu
[    0.000000] Initializing cgroup subsys cpuacct
[    0.000000] Linux version 4.4.0-137-generic (buildd@lgw01-amd64-037) (gcc version 5.4.0 20160609 (Ubuntu 5.4.0-6ubuntu1~16.04.10) ) #163-Ubuntu SMP Mon Sep 24 13:14:43 UTC 2018 (Ubuntu 4.4.0-137.163-generic 4.4.144)
[    0.000000] Command line: BOOT_IMAGE=/boot/vmlinuz-4.4.0-137-generic root=LABEL=cloudimg-rootfs ro console=tty1 console=ttyS0
[    0.000000] KERNEL supported cpus:
[    0.000000]   Intel GenuineIntel
[    0.000000]   AMD AuthnticAMD
[    0.000000]   Centaur Cetaurauls
[    0.000000] x86/fpu: state_offset[2]:  576, xstate_sizes[2]:  256
[    0.000000] x86/fpu: Supporting XSAVE feature 0x01: 'x87 floating point registers'
[    0.000000] x86/fpu: Suporting XSAVE featre 0x02: 'SE registers'
[    .000000] x86/fpu: Supporting XSAVE feature 0x04: 'AVX registers'
[    0.000000] x86/fpu: Enabled xstate features0x7,context size is 832 bytes, using 'standard' format.
[    0.000000] e820: BIOS-provided physical RAM map:
[    .000000] BIOS-e820: [mem 0x0000000000000000-0x000000000009fbff] usable
[    .000000] BIOS-820: [mem 0x000000000009fc00-0x000000000009ffff] reserved
[    0.000000] BIOS-e820: [mem 0x00000000000f000-000000000000fffff] reserved
    0.000000] BIOS-e820: [mem 0x0000000000100000-0x000000003ffeffff] usable
[    .000000] BIOS-e820: [mem 0x000000003ff0000-0000000003fffffff] CPI data
[    0.000000] BIOS-e820: [mem 0x00000000fec00000-0x00000000fec00fff] reserved
[    0.000000] BIOS-e20: [mem 0x0000000fee00000-0x00000000fee00fff] reserved
[   0.00000] BIOS-e820: [mem 0x00000000fffc0000-0x00000000ffffffff] reserved
[    .000000] NX (Execute Disable) protection: active
[    0.000000] SMBIOS 2.5 present.
[    0.000000] Hypervisor detected: KVM
[    0.000000] e820: last_pfn = 0x3fff0 max_arch_pfn = 0x400000000
[    0.000000] MTRR: Disabled
[    0.000000] x86/PAT: MTRRs disabled, skipping PAT initialization too.
[    0.000000] CPU MTRRs all blank - virtualized sstem.
[   0.000000] x86/PAT: Configuration [0-7]: WB  WT  UC- UC  WB  WT  UC- UC  
[    0.000000] found SMP MP-table at [mem 0x0009fff0-0x0009ffff] mapped at [ffff88000009fff0]
[    .000000] Scanning 1 areas for low memory corruption
[    0.00000] RAMDISK: [mem 0x3630e000-0x3717efff]
[    0.00000] ACPI: Early table checksum verification disabled
[    .000000] ACPI: RSDP 0x00000000000E0000 000024 (v02 VBOX  )
[    .00000] ACPI: XSDT 0x000000003FFF0030 0003C (v01 VBOX   VBOXXSDT 00000001 ASL  00000061)
[    0.000000] ACPI: FACP 0x000000003FFF00F0 0000F4 (v04 VBOX   VBOXFACP 00000001 ASL  00000061)
[    0.000000] ACPI: DSDT x000000003FFF0470 0021FF (v2 VBOX   VBOXBIOS 00000002 INTL 20100528)
[    000000] ACPI: FACS 0x000000003FFF0200 000040
[    0.000000] ACPI: FACS 0x000000003FFF0200 000040
[    0.000000] ACPI: APIC 0x000000003FFF0240 00005C v02 VBOX   VBOXAPIC 00000001 ASL  00000061)
[    0.000000] ACPI: SSDT 0x000000003FFF02A0 0001CC (v01 VBOX   VBOXCPUT 00000002 INTL 20100528)
[    0.000000] No NUMA configuration found
[    0.00000] Faking a node a [mem 0x0000000000000000-0x000000003ffeffff]
[    0.000000] NODE_DATA(0) allocated [mem 0x3ffeb000-0x3ffeffff]
[    0.000000] kvm-clock: Using msrs 4b564d01 and 4b564d00
[    0.000000 kvmlock cpu 0, msr 0:3ffe3001, primary cpu clock
[    0.00000] kvm-clock: using sched offset of 4895654403 cyles
[   0.000000] clocksource: kvm-clock: mask: 0xffffffffffffffff max_cycles: 0x1cd42e4dffb, max_idle_ns: 88150591483 ns
[    .000000] Zone ranges:
[    0.000000]   DMA      [mem 0x0000000000001000-0x0000000000ffffff]
[    0.00000]   DMA32    [mem 0x000000000100000-0x000000003ffeffff]
[    0.000000]   Normal   empty
[    .000000]   Device   empty
[    .000000] Movable zone tart for each node
[    0.000000] Early memory node ranges
[    0.000000]   node   0: [mem 0x0000000000001000-x00000000009efff]
[    0.000000]   node   0: [mem 0x0000000000100000-0x000000003ffeffff][    0.00000] Initmem setup node 0 [mem 0x000000000001000-0x00000003feffff]
[    0.000000] ACPI: PM-Timer IO Port: 0x4008
[    0.000000] IOAPIC[0]: apic_id 2, version 32, address 0xfec00000, GSI 0-23
[    0.000000] ACPI: INT_SRC_OVR (bus 0 bus_irq 0global_irq 2 dfl dfl)
[    0.00000] ACPI: INT_SRC_OVR (bus 0 bus_irq 9 global_irq 9 low level)
[    0.000000] Using ACPI (MADT) for SMP configuration information
[    0.00000] smpboot: Allowing 2 CPUs, 0 hotplug CUs
[   0.000000] PM: Registered nosave memory: [mem 0x00000000-0x00000fff]
[    0.00000] PM Registered nosave memory: [mem 0x0009f000-0x0009ffff]
[    .000000] PM: Registered nosave memory: [mem 0x000a0000-0x000effff]
[    0.000000] PM: Registered nosave memory: [mem 0x000f0000-0x000fffff]
[    0.000000] e82: [me 0x40000000-0xfebfffff] available for PCI devices
[    .000000] Booting paravirtualized kernel on KVM
[    0.000000] clocksource: refined-jiffies: msk: 0xfffffff max_cycles 0xffffffff, max_idle_ns: 7645519600211568 ns
[    .000000] setup_percpu: NR_CUS:512 nr_cpumask_bis:512 nr_cpu_ids:2 nr_node_ids:1
[    0.000000 PERCPU: Embedde 34 ages/cpu @ffff88003fc00000 s99608 r8192 d31464 u1048576
[    .000000] PV qsinlock hash table entries: 256 (order: 0, 4096 bytes)
[    0.000000] Built 1 zonelists in Node order, mobility grouping on.  Total pages: 257912
[    0.000000] Policy zone: DMA32
[    0.000000] Kenel command line: BOOT_IMAGE=/boot/vmlinuz-4.4.0-137-generic root=LABEL=cloudimg-rootfs ro console=tty1 console=ttyS0
[    0.000000] PID hash table entries: 4096 (order: 3, 32768 bytes)
[    0.00000] Memory: 997716K/1048120K vailable (8555 kernel code, 1314K rwdata, 4004K rodata, 1528K init, 1316 bss, 50404K reserved, 0K cma-resrved)
[    0.000000] SLUB: HWalign=64, Orde=0-3, MinObjects=0, CPUs=2, Nodes=1
[    0.000000] Kernel/User page tables isolation: enabled
[    .000000] Hierarchical RCU implementation.
[    0.00000] 	Build-time adjustment ofleaf fanout to 64.
[    0.000000] 	RCU restricting PUs from NR_CPUS=512 to nr_cpu_ids=2.
[    0.000000] RCU: Adjusting geometry for rcu_fanout_leaf=64, nr_cpu_ids=2
[    0.000000] NR_IRQS:33024 nr_irqs:440 16
[    0.000000] Console: olur VGA 80x25
[    0.000000] console [tty1] enabled
[   0.000000] cnsole [ttyS0] enabled
[    0.000000] tsc: Detected 1799.999 MHz processor
[    2.089795] Calibrating delay loop (skipped) preset value.. 3599.99 BogoMIPS (lpj=7199996)
[    2.097576] pid_max: default: 32768 minimum: 301
[    2.101753] ACPI: Core revision 20150930
[    2.110218] ACPI: 2 ACPI AML tables successfully acquired and loaded
[    2.121661] Security Framework initialized
[    2.125898] Yama: becoming mindful.
[    2.127534] AppArmor: AppArmor initialized
[    2.130302] Dentry cache hash table entries: 131072 (order: 8, 1048576 bytes)
[    2.139293] Inode-cache hash table entries: 65536 (order: 7, 524288 bytes)
[    2.143687] Mount-cache hash table entries: 2048 (order: 2, 16384 bytes)
[    2.149787] Mountpoint-cache hash table entries: 2048 (order: 2, 16384 bytes)
[    2.155141] Initializing cgroup subsys io
[    2.162198] Initializing cgroup subsys memory
[    2.163795] Initializing cgroup subsys devices
[    2.168780] Initializing cgroup subsys freezer
[    2.181698] Initializing cgroup subsys net_cls
[    2.183660] Initializing cgroup subsys perf_event
[    2.186845] Initializing cgroup subsys net_prio
[    2.192828] Initializing cgroup subsys hugetlb
[    2.194870] Initializing cgroup subsys pids
[    2.199591] mce: CPU supports 0 MCE banks
[    2.201318] Last level iTLB entries: 4KB 64, 2MB 8, 4MB 8
[    2.207297] Last level dTLB entries: 4KB 64, 2MB 0, 4MB 0, 1GB 4
[    2.209635] Spectre V2 : Mitigation: Full generic retpoline
[    2.217960] Spectre V2 : Spectre v2 mitigation: Speculation control IBPB not-supported IBRS not-supported
[    2.229804] Spectre V2 : Spectre v2 / SpectreRSB mitigation: Filling RSB on context switch
[    2.233702] Speculative Store Bypass: Vulnerable
[    2.238236] Freeing SMP alternatives memory: 32K
[    2.255837] ftrace: allocating 32265 entries in 127 pages
[    2.322043] smpboot: APIC(0) Converting physical 0 to logical package 0
[    2.334797] smpboot: Max logical packages: 1
[    2.347079] x2apic enabled
[    2.348589] Switched APIC routing to physical x2apic.
[    2.351847] ..TIMER: vector=0x30 apic1=0 pin1=2 apic2=-1 pin2=-1
[    2.469178] smpboot: CPU0: Intel(R) Core(TM) i5-5350U CPU @ 1.80GHz (family: 0x6, model: 0x3d, stepping: 0x4)
[    2.473407] Performance Events: unsupported p6 CPU model 61 no PMU driver, software events only.
[    2.477156] KVM setup paravirtual spinlock
[    2.479623] x86: Booting SMP configuration:
[    2.481451] .... node  #0, CPUs:      #1
[    2.483358] kvm-clock: cpu 1, msr 0:3ffe3041, secondary cpu clock
[    2.486393] mce: CPU supports 0 MCE banks
[    2.489811] x86: Booted up 1 node, 2 CPUs
[    2.491716] smpboot: Total of 2 processors activated (7199.99 BogoMIPS)
[    2.494979] devtmpfs: initialized
[    2.497797] evm: security.selinux
[    2.499237] evm: security.SMACK64
[    2.500637] evm: security.SMACK64EXEC
[    2.502295] evm: security.SMACK64TRANSMUTE
[    2.504094] evm: security.SMACK64MMAP
[    2.505766] evm: security.ima
[    2.507065] evm: security.capability
[    2.508977] clocksource: jiffies: mask: 0xffffffff max_cycles: 0xffffffff, max_idle_ns: 7645041785100000 ns
[    2.513855] futex hash table entries: 512 (order: 3, 32768 bytes)
[    2.518535] pinctrl core: initialized pinctrl subsystem
[    2.522525] RTC time: 18:20:03, date: 10/25/18
[    2.524685] NET: Registered protocol family 16
[    2.536990] cpuidle: using governor ladder
[    2.556687] cpuidle: using governor menu
[    2.558490] PCCT header not found.
[    2.560063] ACPI: bus type PCI registered
[    2.561785] acpiphp: ACPI Hot Plug PCI Controller Driver version: 0.5
[    2.564410] PCI: Using configuration type 1 for base access
[    2.577983] ACPI: Added _OSI(Module Device)
[    2.579747] ACPI: Added _OSI(Processor Device)
[    2.581635] ACPI: Added _OSI(3.0 _SCP Extensions)
[    2.583529] ACPI: Added _OSI(Processor Aggregator Device)
[    2.586672] ACPI: Executed 1 blocks of module-level executable AML code
[    2.591734] ACPI: Interpreter enabled
[    2.593352] ACPI: (supports S0 S5)
[    2.594872] ACPI: Using IOAPIC for interrupt routing
[    2.597078] PCI: Using host bridge windows from ACPI; if necessary, use "pci=nocrs" and report a bug
[    2.606107] ACPI: PCI Root Bridge [PCI0] (domain 0000 [bus 00-ff])
[    2.608542] acpi PNP0A03:00: _OSC: OS supports [ASPM ClockPM Segments MSI]
[    2.611242] acpi PNP0A03:00: _OSC: not requesting OS control; OS requires [ExtendedConfig ASPM ClockPM MSI]
[    2.615172] acpi PNP0A03:00: fail to add MMCONFIG information, can't access extended PCI configuration space under this bridge.
[    2.620189] PCI host bridge to bus 0000:00
[    2.621922] pci_bus 0000:00: root bus resource [io  0x0000-0x0cf7 window]
[    2.624609] pci_bus 0000:00: root bus resource [io  0x0d00-0xffff window]
[    2.627270] pci_bus 0000:00: root bus resource [mem 0x000a0000-0x000bffff window]
[    2.630399] pci_bus 0000:00: root bus resource [mem 0x40000000-0xfdffffff window]
[    2.633495] pci_bus 0000:00: root bus resource [bus 00-ff]
[    2.639288] pci 0000:00:01.1: legacy IDE quirk: reg 0x10: [io  0x01f0-0x01f7]
[    2.658406] pci 0000:00:01.1: legacy IDE quirk: reg 0x14: [io  0x03f6]
[    2.663476] pci 0000:00:01.1: legacy IDE quirk: reg 0x18: [io  0x0170-0x0177]
[    2.677671] pci 0000:00:01.1: legacy IDE quirk: reg 0x1c: [io  0x0376]
[    2.713007] pci 0000:00:07.0: quirk: [io  0x4000-0x403f] claimed by PIIX4 ACPI
[    2.717706] pci 0000:00:07.0: quirk: [io  0x4100-0x410f] claimed by PIIX4 SMB
[    2.733339] ACPI: PCI Interrupt Link [LNKA] (IRQs 5 9 10 *11)
[    2.742402] ACPI: PCI Interrupt Link [LNKB] (IRQs 5 9 *10 11)
[    2.745488] ACPI: PCI Interrupt Link [LNKC] (IRQs 5 *9 10 11)
[    2.748562] ACPI: PCI Interrupt Link [LNKD] (IRQs 5 9 10 *11)
[    2.763544] ACPI: Enabled 2 GPEs in block 00 to 07
[    2.774865] vgaarb: setting as boot device: PCI:0000:00:02.0
[    2.782733] vgaarb: device added: PCI:0000:00:02.0,decodes=io+mem,owns=io+mem,locks=none
[    2.790390] vgaarb: loaded
[    2.791875] vgaarb: bridge control possible 0000:00:02.0
[    2.795204] SCSI subsystem initialized
[    2.799685] ACPI: bus type USB registered
[    2.801711] usbcore: registered new interface driver usbfs
[    2.810530] usbcore: registered new interface driver hub
[    2.818557] usbcore: registered new device driver usb
[    2.824181] PCI: Using ACPI for IRQ routing
[    2.826200] NetLabel: Initializing
[    2.833589] NetLabel:  domain hash size = 128
[    2.838379] NetLabel:  protocols = UNLABELED CIPSOv4
[    2.841645] NetLabel:  unlabeled traffic allowed by default
[    2.843923] amd_nb: Cannot enumerate AMD northbridges
[    2.850794] clocksource: Switched to clocksource kvm-clock
[    2.866375] AppArmor: AppArmor Filesystem Enabled
[    2.868708] pnp: PnP API init
[    2.85331] np: PnP ACPI: foun 3 devices

[    2.983400] clocksource: acpi_pm: mask: 0xffffff maxcycles: 0xffffff, mx_idl_ns:2085701024 ns
[    3.090322] NET: Registered protocol family 2

[    3.092552] TCP established hash table entries: 8192 (order: 4, 65536 bytes)
[    3.095636] TCP bind hash table entries: 812 (order: 5, 131072 bytes)
[    3.124257] TCP: Hash tables configured (established 8192 bind 8192)
[    3.127227]UDP hash table entries: 512 (order: 2, 16384 bytes)
[    3.173074] UDP-Lite hash table entries:512 (order: 2, 16384 bytes)
[   3.214989] NET: Regstered protocol family 1
[    3.267491] pci 0000:00:00.0: Lmitig direct PCI/PCI transfers
[   3.319487] pci 0000:00:01.0: Activating IS DMA hang workarounds
[    3.370451 Unpcking initramfs...

[    3.668819] Freeing initrd memory: 14788K
[    3.673756] RAPL PMU detected, API unit is 2^-32 Joules, 4 fixed counters 10737418240 ms ovfl timer
[    3.683424] hw unit of domain pp0-core 2^-0 Joules
[    3.686461] hw unit of domain package 2^-0 Joules
[    3.697804] hw unit of domain dram 2^-0 Joules
[    3.699971] hw unit of domain pp1-gpu 2^-0 Joules
[    3.705639] platform rtc_cmos: registered platform RTC device (no PNP device foud)
[    3.73419] Scanning for low memory corruption every 60 seconds

[    3.763178] audit: initializing netlink subsys (disabled)
[    3.765392] audit: type=2000 audit(1540491608.277:1): initialized
[    3.768693] Initialise system trusted keyring
[    3.770910] HugeTLB registered 2 MB page size, pre-allocated 0 pages
[    3.785822] zbud: loaded
[    3.795610] VFS: Disk quotas dquot_6.6.0
[    3.80535] VFS: Dquot-cache hash table entries: 512 (order 0, 4096 bytes)
[    3.833605] squashs: version 4.0 (2009/01/31) Phillip Lougher
[    3.869331] fuse init (API vrsion 7.23)

[    3.896197] ey type big_key registered
[   3.922241] Allocatig IMA MOK and blacklist kyrings.

[    3.999600] Key type asymmetric registered
[    4.004220] Asymmetric key parser 'x509' registered
[    4.008130] Block layer SCSI generic (bsg) driver version 0.4 loaded (major 249)
[    4.013879] io scheduler noop registered
[    4.020344] io scheduler deadline registered (default)
[    4.027721] io scheduler cfq registered
[    4.032355] pci_hotplug: PCI Hot PlugPCI Core version: 0.5
[    4.059079] pciehp: PI Express Hot Plug Controller Driver version: 0.4
[    4.086244] ACPI: AC Adapter [AC] (off-line)
[    4.094510] nput: Power Button as /devices/LNXSYSTM:00/LNXPWRBN:00/input/input0

[    4.122652] ACPI: Power Button [PWRF]
[    4.124317] inpu: Sleep Buttn as /devices/LNXSYSTM:00/LNXSLPBN:00/input/input1
[    4.175182] ACPI:Sleep Button [SLPF]

[    4.201257] GHES: HEST is not enabled!
[    4.202586] ACPI: Battery Slot [BAT0] (battery present)
[    4.212965] Serial: 8250/16550 drive, 32 ports, IRQ sharing enabled
[    4.266854] 00:02: ttyS0 at I/O 0x3f8 (iq = 4, base_baud = 115200) is a 16550A

[    4.323687] Lux agpgart interface v0.103

[    4.388703] loop: module loaded
[    4.390856] scsi host0: ata_piix
[    4.392410] scsi host1: ata_piix
[    4.396177] ata1: PATA max UDMA/33 cmd 0x1f0 ctl 0x3f6 bmdma 0xd000 irq 14
[    4.3859] ata2: PATA ma UDMA/33 cmd 0x170 ctl 0x376 bmdma 0xd008 irq 15

[    4.475008] libphy: Fixed MDIO Bus: probed
[    4.476500] tun: Universal TUN/TAP device driver, 1.6
[    4.484247] tun: (C) 1999-2004 Max Krasnyansky <maxk@qualcomm.com>
[    4.497045] PPP generic driver version 2.4.2
[    4.506392] ehci_hcd: USB 2.0 'Enhanced' Host Controller (EHCI) Driver
[    4.516753] ehci-pci: EHCI PCI platform driver
[    4.520793] ehci-platform: EHCI generic platform driver
[    4.524106] ohci_hcd: USB 1.1 'Open' Host Controller (OHCI) Driver
[    4.529387] ohci-pci: OHCI PCI platform driver
[    4.532195] ohci-platform: OHCI generic platform driver
[    4.536056] uhci_hcd: USB Universal Host Controller Interface driver
[    4.538464] i8042: PNP: PS/2 Controller [PNP0303:PS2K,PNP0f03:PS2M] at 0x60,0x64 irq 1,12
[    4.542650] serio: i8042 KBD port at 0x60,0x64 irq 1
[    4.560673] serio: i8042 AUX port at 0x60,0x64 irq 12
[    4.563921] mousedev: PS/2 mouse device common for all mice
[    4.566792] rtc_cmos rtc_cmos: rtc core: registered rtc_cmos as rtc0
[    4.577652] input: AT Translated Set 2 keyboard as /devices/platform/i8042/serio0/input/input2
[    4.591285] rtc_cmos rtc_cmos: alarms up to one day, 114 bytes nvram
[    4.596580] i2c /dev entries driver
[    4.598153] device-mapper: uevent: version 1.0.3
[    4.606651] device-mapper: ioctl: 4.34.0-ioctl (2015-10-28) initialised: dm-devel@redhat.com
[    4.619956] ledtrig-cpu: registered to indicate activity on CPUs
[    4.625163] NET: Registered protocol family 10
[    4.628749] NET: Registered protocol family 17
[    4.632325] Key type dns_resolver registered
[    4.635108] registered taskstats version 1
[    4.636831] Loading compiled-in X.509 certificates
[    4.641555] Loaded X.509 cert 'Build time autogenerated kernel key: 20acc96b50ca7641011eace69d32209215a9b56f'
[    4.649145] zswap: loaded using pool lzo/zbud
[    4.653354] Key type trusted registered
[    4.661045] Key type encrypted registered
[    4.668692] AppArmor: AppArmor sha1 policy hashing enabled
[    4.670692] ima: No TPM chip found, activating TPM-bypass!
[    4.676874] ima: Allocated hash algorithm: sha1
[    4.678541] evm: HMAC attrs: 0x1
[    4.692259]   Magic number: 6:86:343
[    4.696565] tty tty60: hash matches
[    4706237] tsc: Refined TS clocksource calibration: 1800.000 MHz

[    4.758874] clocksource: tsc: mask: 0xffffffffffffffff max_cycles: 0x19f2297dd97, max_idle_ns: 440795236593 ns
[    4.762102] rtc_cmos rtc_cmos: setting system clock to 2018-10-25 18:20:05 UTC (1540491605)
[    4.768306] BIOS EDD facility v0.16 2004-Jun-25, 0 devices found
[    4.777120] EDD information not available.
[    4.785559] Freeing unused kernel memory: 1528K
[    4.807280] Write protecting the kernel read-only data: 14336k
[    4.813879] Freeing unused kernel memory: 1672K
[    4.817531] Freeing unused kernel memory: 92K
Loading, please wait...
starting version[    4.842272] random: systemd-udevd: uninitialized urandom read (16 bytes read, 5 bits of entropy available)
 229
[    4.843055] random: udevadm: uninitialized urandom read (16 bytes read, 5 bits of entropy available)
[    4.843080] random: udevadm: uninitialized urandom read (16 bytes read, 5 bits of entropy available)
[    4.853596] random: udevadm: uninitialized urandom read (16 bytes read, 5 bits of entropy available)
[    4.853677] random: udevadm: uninitialized urandom read (16 bytes read, 5 bits of entropy available)
[    4.853903] random: udevadm: uninitialized urandom read (16 bytes read, 5 bits of entropy available)
[    4.853987] random: udevadm: uninitialized urandom read (16 bytes read, 5 bits of entropy available)
[    4.854066] random: udevadm: uninitialized urandom read (16 bytes read, 5 bits of entropy available)
[    4.854141] random: udevadm: uninitialized urandom read (16 bytes read, 5 bits of entropy available)
[    4.854215] random: udevadm: uninitialized urandom read (16 bytes read, 5 bits of entropy available)
[    4.952822] e1000: Intel(R) PRO/1000 Network Driver - version 7.3.21-k8-NAPI
[    4.955206] e1000: Copyright (c) 1999-2006 Intel Corporation.
[    4.957299] Fusion MPT base driver 3.04.20
[    4.959050] Copyright (c) 1999-2008 LSI Corporation
[    4.970221] Fusion MPT SPI Host driver 3.04.20
[    4.985995] AVX2 version of gcm_enc/dec engaged.
[    4.988146] AES CTR mode by8 optimization enabled
[    5.171981] input: ImExPS/2 Generic Explorer Mouse as /devices/platform/i8042/serio1/input/input4
[    5.381879] e1000 0000:00:03.0 eth0: (PCI:33MHz:32-bit) 02:28:89:27:00:51
[    5.390207] e1000 0000:00:03.0 eth0: Intel(R) PRO/1000 Network Connection
[    5.393663] mptbase: ioc0: Initiating bringup
[    5.394720] e1000 0000:00:03.0 enp0s3: renamed from eth0
[    5.466987] ioc0: LSI53C1030 A0: Capabilities={Initiator}
[    6.257702] scsi host2: ioc0: LSI53C1030 A0, FwRev=00000000h, Ports=1, MaxQ=256, IRQ=20
[    7.406690] scsi 2:0:0:0: Direct-Access     VBOX     HARDDISK         1.0  PQ: 0 ANSI: 5
[    7.413512] scsi target2:0:0: Beginning Domain Validation
[    7.428880] scsi target2:0:0: Domain Validation skipping write tests
[    7.455188] scsi target2:0:0: Ending Domain Validation
[    7.458732] scsi target2:0:0: asynchronous
[    7.468720] scsi 2:0:1:0: Direct-Access     VBOX     HARDDISK         1.0  PQ: 0 ANSI: 5
[    7.472033] scsi target2:0:1: Beginning Domain Validation
[    7.484397] scsi target2:0:1: Domain Validation skipping write tests
[    7.505887] scsi target2:0:1: Ending Domain Validation
[    7.508323] scsi target2:0:1: asynchronous
[    7.532181] sd 2:0:0:0: [sda] 20971520 512-byte logical blocks: (10.7 GB/10.0 GiB)
[    7.534813] sd 2:0:0:0: Attached scsi generic sg0 type 0
[    7.536857] sd 2:0:0:0: [sda] Write Protect is off
[    7.538630] sd 2:0:0:0: [sda] Incomplete mode parameter data
[    7.540401] sd 2:0:0:0: [sda] Assuming drive cache: write through
[    7.542709] sd 2:0:1:0: [sdb] 20480 512-byte logical blocks: (10.5 MB/10.0 MiB)
[    7.542775] sd 2:0:1:0: Attached scsi generic sg1 type 0
[    7.547123] sd 2:0:1:0: [sdb] Write Protect is off
[    7.548843] sd 2:0:1:0: [sdb] Incomplete mode parameter data
[    7.568546] sd 2:0:1:0: [sdb] Assuming drive cache: write through
[    7.568598]  sda: sda1
[    7.574845] sd 2:0:0:0: [sda] Attached SCSI disk
[    7.576680] sd 2:0:1:0: [sdb] Attached SCSI disk
Begin: Loading essential drivers ... [    9.009987] md: linear personality registered for level -1
[    9.028686] md: multipath personality registered for level -4
[    9.037404] md: raid0 personality registered for level 0
[    9.044440] md: raid1 personality registered for level 1
[    9.118832] raid6: sse2x1   gen()  8722 MB/s
[    9.195211] raid6: sse2x1   xor()  6537 MB/s
[    9.266917] raid6: sse2x2   gen() 10458 MB/s
[    9.342968] raid6: sse2x2   xor()  7102 MB/s
[    9.415227] raid6: sse2x4   gen() 12523 MB/s
[    9.483681] raid6: sse2x4   xor()  8983 MB/s
[    9.555003] raid6: avx2x1   gen() 16599 MB/s
[    9.625249] raid6: avx2x2   gen() 20337 MB/s
[    9.696004] raid6: avx2x4   gen() 22648 MB/s
[    9.708798] raid6: using algorithm avx2x4 gen() 22648 MB/s
[    9.715034] raid6: using avx2x2 recovery algorithm
[    9.718604] xor: automatically using best checksumming function:
[    9.759082]    avx       : 24933.000 MB/sec
[    9.775704] async_tx: api initialized (async)
[    9.785158] md: raid6 personality registered for level 6
[    9.787578] md: raid5 personality registered for level 5
[    9.792966] md: raid4 personality registered for level 4
[    9.803848] md: raid10 personality registered for level 10
done.
Begin: Running /scripts/init-premount ... done.
Begin: Mounting root file system ... Begin: Running /scripts/local-top ... done.
Begin: Running /scripts/local-premount ... [    9.849982] Btrfs loaded
Scanning for Btrfs filesystems
done.
Warning: fsck not present, so skipping root file system
[    9.912029] EXT4-fs (sda1): mounted filesystem with ordered data mode. Opts: (null)
done.
Begin: Running /scripts/local-bottom ... done.
Begin: Running /scripts/init-bottom ... done.
[   10.189930] systemd[1]: systemd 229 running in system mode. (+PAM +AUDIT +SELINUX +IMA +APPARMOR +SMACK +SYSVINIT +UTMP +LIBCRYPTSETUP +GCRYPT +GNUTLS +ACL +XZ -LZ4 +SECCOMP +BLKID +ELFUTILS +KMOD -IDN)
[   10.201866] systemd[1]: Detected virtualization oracle.
[   10.206216] systemd[1]: Detected architecture x86-64.

Welcome to [1mUbuntu 16.04.5 LTS[0m!

[   10.222315] systemd[1]: Set hostname to <ubuntu>.
[   10.229653] systemd[1]: Initializing machine ID from random generator.
[   10.233592] systemd[1]: Installed transient /etc/machine-id file.
[   10.641015] systemd[1]: Listening on udev Kernel Socket.
[[0;32m  OK  [0m] Listening on udev Kernel Socket.
[   10.667928] systemd[1]: Reached target Encrypted Volumes.
[[0;32m  OK  [0m] Reached target Encrypted Volumes.
[   10.688000] systemd[1]: Reached target Swap.
[[0;32m  OK  [0m] Reached target Swap.
[   10.709102] systemd[1]: Listening on udev Control Socket.
[[0;32m  OK  [0m] Listening on udev Control Socket.
[   10.725508] systemd[1]: Listening on Journal Socket (/dev/log).
[[0;32m  OK  [0m] Listening on Journal Socket (/dev/log).
[   10.744465] systemd[1]: Listening on Journal Audit Socket.
[[0;32m  OK  [0m] Listening on Journal Audit Socket.
[   10.764063] systemd[1]: Listening on LVM2 poll daemon socket.
[[0;32m  OK  [0m] Listening on LVM2 poll daemon socket.
[   10.778764] systemd[1]: Listening on Syslog Socket.
[[0;32m  OK  [0m] Listening on Syslog Socket.
[   10.785763] systemd[1]: Reached target User and Group Name Lookups.
[[0;32m  OK  [0m] Reached target User and Group Name Lookups.
[   10.832314] systemd[1]: Reached target System Time Synchronized.
[[0;32m  OK  [0m] Reached target System Time Synchronized.
[   10.851902] systemd[1]: Started Forward Password Requests to Wall Directory Watch.
[[0;32m  OK  [0m] Started Forward Password Requests to Wall Directory Watch.
[   10.870465] systemd[1]: Listening on /dev/initctl Compatibility Named Pipe.
[[0;32m  OK  [0m] Listening on /dev/initctl Compatibility Named Pipe.
[   10.886082] systemd[1]: Set up automount Arbitrary Executable File Formats File System Automount Point.
[[0;32m  OK  [0m] Set up automount Arbitrary Executab...ats File System Automount Point.
[   10.909976] systemd[1]: Listening on Journal Socket.
[[0;32m  OK  [0m] Listening on Journal Socket.
[   10.943844] systemd[1]: Listening on LVM2 metadata daemon socket.
[[0;32m  OK  [0m] Listening on LVM2 metadata daemon socket.
[   10.958586] systemd[1]: Created slice User and Session Slice.
[[0;32m  OK  [0m] Created slice User and Session Slice.
[   10.963703] systemd[1]: Listening on Device-mapper event daemon FIFOs.
[[0;32m  OK  [0m] Listening on Device-mapper event daemon FIFOs.
[   10.975846] systemd[1]: Started Trigger resolvconf update for networkd DNS.
[[0;32m  OK  [0m] Started Trigger resolvconf update for networkd DNS.
[   10.981596] systemd[1]: Created slice System Slice.
[[0;32m  OK  [0m] Created slice System Slice.
[   10.987209] systemd[1]: Created slice system-serial\x2dgetty.slice.
[[0;32m  OK  [0m] Created slice system-serial\x2dgetty.slice.
[   11.011196] systemd[1]: Starting Set console keymap...
         Starting Set console keymap...
[   11.034944] systemd[1]: Starting Load Kernel Modules...
         [   11.076776] Loading iSCSI transport class v2.0-870.
Starting Load Kernel Modules...
[   11.137191] iscsi: registered transport (tcp)
[   11.144606] systemd[1]: Mounting Huge Pages File System...
         Mounting Huge Pages File System...
[   11.163719] systemd[1]: Reached target Slices.
[[0;32m  OK  [0m] Reached target Slices.
[   11.219643] systemd[1]: Starting Remount Root and Kernel File Systems...
         Starting Remount Root and Kernel File Systems...
[   11.238082] EXT4-fs (sda1): re-mounted. Opts: (null)
[   11.238999] systemd[1]: Starting Uncomplicated firewall...
         Starting Uncomplicated [   11.280380] iscsi: registered transport (iser)
firewall...
[   11.343468] systemd[1]: Mounting POSIX Message Queue File System...
         Mounting POSIX Message Queue File System...
[   11.380434] systemd[1]: Mounting Debug File System...
         Mounting Debug File System...
[   11.411675] systemd[1]: Starting Journal Service...
[   11.423724] random: nonblocking pool is initialized
         Starting Journal Service...
[   11.480517] systemd[1]: Starting Nameserver information manager...
         Starting Nameserver information manager...
[   11.491963] systemd[1]: Starting Monitoring of LVM2 mirrors, snapshots etc. using dmeventd or progress polling...
         Starting Monitoring of LVM2 mirrors... dmeventd or progress polling...
[   11.502379] systemd[1]: Starting Create list of required static device nodes for the current kernel...
         Starting Create list of required st... nodes for the current kernel...
[  11.729086] systemd[1]: Mounted Debug File System.
[[0;32m  OK  [0m] Mounted Debug File System.
[   11.764370] systemd[1]: Mounted POSIX Message Queue File System.
[[0;32m  OK  [0m] Mounted POSIX Message Queue File System.
[   11.788027] sstemd[]: Munted Huge Pages File System.
[[0;32m  OK  [0m ] Mounted Huge Pages File System.
[   11.872947] systemd[1]: Started Journal Service.
[[0;32m  OK  [0m] Started Journal Service.
[[0;32m  OK  [0m] Started Set console keymap.
[[0;32m  OK  [0m] Started Load Kernel Modules.
[[0;32m  OK  [0m] Started Remount Root and Kernel File Systems.
[[0;32m  OK  [0m] Started Uncomplicated firewall.
[[0;32m  OK  [0m] Started Create list of required sta...ce nodes for the current kernel.
[[0;32m  OK  [0m] Started Nameserver information manager.
[[0;32m  OK  [0m] Started LVM2 metadata daemon.
         Starting Create Static Device Nodes in /dev...
         Starting udev Coldplug all Devices...
         Starting Load/Save Random Seed...
         Mounting FUSE Control File System...
         Starting Apply Kernel Variables...
         Starting Flush Journal to Persistent Storage...
[[0;32m  OK  [0m] Mounted FUSE Control File System.
[[0;32m  OK  [0m] Started Load/Save Random Seed.
[[0;32m  OK  [0m] Started Create Static Device Nodes in /dev.
[[0;32m  OK  [0m] Started Apply Kernel Variables.
[[0;32m  OK  [0m] Started udev Coldplug all Devices.
[[0;32m  OK  [0m] Started Flush Journal to Persistent Storage.
         Starting udev Kernel Device Manager...
[[0;32m  OK  [0m] Started udev Kernel Device Manager.
[[0;32m  OK  [0m] Started Dispatch Password Requests to Console Directory Watch.
[[0;32m  OK  [0m] Started Monitoring of LVM2 mirrors,...ng dmeventd or progress polling.
[[0;32m  OK  [0m] Reached target Local File Systems (Pre).
[[0;32m  OK  [0m] Reached target Local File Systems.
         Starting Set console font and keymap...
         Starting LSB: AppArmor initialization...
         Starting Create Volatile Files and Directories...
         Starting Initial cloud-init job (pre-networking)...
         Starting Tell Plymouth To Write Out Runtime Data...
         Starting Commit a transient machine-id on disk...
[[0;32m  OK  [0m] Started Create Volatile Files and Directories.
[[0;32m  OK  [0m] Started Tell Plymouth To Write Out Runtime Data.
[[0;32m  OK  [0m] Started Commit a transient machine-id on disk.
         Starting Update UTMP about System Boot/Shutdown...
[[0;32m  OK  [0m] Found device /dev/ttyS0.
[[0;32m  OK  [0m] Started Update UTMP about System Boot/Shutdown.
[[0;32m  OK  [0m] Listening on Load/Save RF Kill Switch Status /dev/rfkill Watch.
[[0;32m  OK  [0m] Started LSB: AppArmor initialization.
[   11.765285] cloud-init[485]: Cloud-init v. 18.3-9-g2e62cb8a-0ubuntu1~16.04.2 running 'init-local' at Thu, 25 Oct 2018 18:20:14 +0000. Up 11.39 seconds.
[[0;32m  OK  [0m] Started Set console font and keymap.
[[0;32m  OK  [0m] Started Initial cloud-init job (pre-networking).
[[0;32m  OK  [0m] Reached target Network (Pre).
         Starting Raise network interfaces...
[[0;32m  OK  [0m] Created slice system-getty.slice.
[[0;32m  OK  [0m] Started Raise network interfaces.
         Starting Initial cloud-init job (metadata service crawler)...
[[0;32m  OK  [0m] Reached target Network.
[   13.369260] cloud-init[922]: Cloud-init v. 18.3-9-g2e62cb8a-0ubuntu1~16.04.2 running 'init' at Thu, 25 Oct 2018 18:20:15 +0000. Up 12.66 seconds.
[   13.385176] cloud-init[922]: ci-info: +++++++++++++++++++++++++++++++++++++Net device info+++++++++++++++++++++++++++++++++++++
[   13.423343] cloud-init[922]: ci-info: +--------+------+--------------------------+---------------+--------+-------------------+
[   13.463223] cloud-init[922]: ci-info: | Device |  Up  |         Address          |      Mask     | Scope  |     Hw-Address    |
[[0;32m  OK  [0m] Started Initial cloud-init job (metadata service crawler).
[   13.552123] [[0;32m  OK  [0m] Reached target Cloud-config availability.
[[0;32m  OK  [0m] Reached target System Initialization.
cloud-init[922]: ci-info: +--------+------+--------------------------+---------------+--------+-------------------+
[   13.684221] cloud-init[922]: ci-info: | enp0s3 | True |        10.0.2.15         | 255.255.255.0 | global | 02:28:89:27:00:51 |
[   13.685139] cloud-init[922]: ci-info: | enp0s3 | True | fe80::28:89ff:fe27:51/64 |       .       |  link  | 02:28:89:27:00:51 |
[   13.685181] cloud-init[922]: ci-info: |   lo   | True |        127.0.0.1         |   255.0.0.0   |  host  |         .         |
[   13.685216] cloud-init[922]: ci-info: |   lo   | True |         ::1/128          |       .       |  host  |         .         |
[   13.685251] cloud-init[922]: ci-info: +--------+------+--------------------------+---------------+--------+-------------------+
[   13.685294] cloud-init[922]: ci-info: +++++++++++++++++++++++++++Route IPv4 info++++++++++++++++++++++++++++
[   13.685331] cloud-init[922]: ci-info: +-------+-------------+----------+---------------+-----------+-------+
[   13.685367] cloud-init[922]: ci-info: | Route | Destination | Gateway  |    Genmask    | Interface | Flags |
[   13.685402] cloud-init[922]: ci-info: +-------+-------------+----------+---------------+-----------+-------+
[   13.685435] cloud-init[922]: ci-info: |   0   |   0.0.0.0   | 10.0.2.2 |    0.0.0.0    |   enp0s3  |   UG  |
[   13.685468] cloud-init[922]: ci-info: |   1   |   10.0.2.0  | 0.0.0.0  | 255.255.255.0 |   enp0s3  |   U   |
[   13.685513] cloud-init[922]: ci-info: +-------+-------------+----------+---------------+-----------+-------+
[   13.685558] cloud-init[922]: ci-info: +++++++++++++++++++Route IPv6 info+++++++++++++++++++
[   13.685596] cloud-init[922]: ci-info: +-------+-------------+---------+-----------+-------+
[   13.685635] cloud-init[922]: ci-info: | Route | Destination | Gateway | Interface | Flags |
[   13.685677] cloud-init[922]: ci-info: +-------+-------------+---------+-----------+-------+
[   13.685709] cloud-init[922]: ci-info: |   0   |  fe80::/64  |    ::   |   enp0s3  |   U   |
[   13.685744] cloud-init[922]: ci-info: |   3   |   ff00::/8  |    ::   |   enp0s3  |   U   |
[   13.685776] cloud-init[922]: ci-info: +-------+-------------+---------+-----------+-------+
[   13.685833] cloud-init[922]: Generating public/private rsa key pair.
[   13.685869] cloud-init[922]: Your identification has been saved in /etc/ssh/ssh_host_rsa_key.
[   13.685902] cloud-init[922]: Your public key has been saved in /etc/ssh/ssh_host_rsa_key.pub.
[   13.685936] cloud-init[922]: The key fingerprint is:
[   13.685970] cloud-init[922]: SHA256:+oqbgx5fkrJqvErHzp/7qom92oEPavEMq9C1kLK2bpE root@ubuntu-xenial
[   13.686005] cloud-init[922]: The key's randomart image is:
[   13.686040] cloud-init[922]: +---[RSA 2048]----+
[   13.686072] cloud-init[922]: |                 |
[   13.686105] cloud-init[922]: |                 |
[   13.686138] cloud-init[922]: |                 |
[   13.686169] cloud-init[922]: |   .             |
[   13.686203] cloud-init[922]: |. + .   S        |
[   13.686236] cloud-init[922]: | Eoo o .         |
[   13.686269] cloud-init[922]: |+=@=+ o          |
[   13.686302] cloud-init[922]: |=*%B+=..         |
[   13.686334] cloud-init[922]: |%O=XOB=o.        |
[   13.686369] cloud-init[922]: +----[SHA256]-----+
[   13.686403] cloud-init[922]: Generating public/private dsa key pair.
[   13.686436] cloud-init[922]: Your identification has been saved in /etc/ssh/ssh_host_dsa_key.
[   13.686469] cloud-init[922]: Your public key has been saved in /etc/ssh/ssh_host_dsa_key.pub.
[   13.686502] cloud-init[922]: The key fingerprint is:
[   13.686535] cloud-init[922]: SHA256:g5fiGxCYbDmpToEaco6u35H7h2ipXncNcR6Z/uA4ax4 root@ubuntu-xenial
[   13.686568] cloud-init[922]: The key's randomart image is:
[   13.686600] cloud-init[922]: +---[DSA 1024]----+
[   13.686636] cloud-init[922]: |                 |
[   13.686669] cloud-init[922]: |.. =       o     |
[   13.686702] cloud-init[922]: |+.X .   . =      |
[   13.686736] cloud-init[922]: |oB.. . . * .     |
[   13.686769] cloud-init[922]: |+.. . o S +      |
[   13.686802] cloud-init[922]: |+    + o * o     |
[   13.686835] cloud-init[922]: | o  +o+.E o .    |         Starting LXD - unix socket.
         Starting Socket activation for snappy daemon.
[[0;32m  OK  [0m] Listening on D-Bus System Message Bus Socket.

[[0;32m  OK  [0m] Started ACPI Events Check.
[[0;32m  OK  [0m[   14.835100] cloud-init[922]: |.  o++.+o+       |
[   14.853442] cloud-init[922]: |.o+oo.o+o        |
[   14.853486] cloud-init[922]: +----[SHA256]-----+
[   14.853520] cloud-init[922]: Generating public/private ecdsa key pair.
[   14.853554] cloud-init[922]: Your identification has been saved in /etc/ssh/ssh_host_ecdsa_key.
[   14.853588] cloud-init[922]: Your public key has been saved in /etc/ssh/ssh_host_ecdsa_key.pub.
[   14.853621] cloud-init[922]: The key fingerprint is:
[   14.853654] cloud-init[922]: SHA256:X/j75VAwPlHAGERqjuoQXSt/s5yOOuqjE4CjSQ3gmCs root@ubuntu-xenial
[   14.853687] cloud-init[922]: The key's randomart image is:
[   14.853720] cloud-init[922]: +---[ECDSA 256]---+
[   14.853753] cloud-init[922]: |o          o++...|
[   14.853786] cloud-init[922]: |oo         .. .. |
[   14.853828] cloud-init[922]: |+.o     . o   +  |
[   14.853862] cloud-init[922]: |+o . . . = . . + |
[   14.853894] cloud-init[922]: |E+  . o S o . o .|
[   14.853930] cloud-init[922]: |+ .  . + . o   o |
[   14.853963] cloud-init[922]: |   .. . . + . . .|
[   14.853995] cloud-init[922]: |  . .o.  + + . + |
[   14.854028] cloud-init[922]: |  .+oooo..= ... .|
[   14.854061] cloud-init[922]: +----[SHA256]-----+
[   14.854094] cloud-init[922]: Generating public/private ed25519 key pair.
[   14.854127] cloud-init[922]: Your identification has been saved in /etc/ssh/ssh_host_ed25519_key.
[   14.854160] cloud-init[922]: Your public key has been saved in /etc/ssh/ssh_host_ed25519_key.pub.
[   14.854198] cloud-init[922]: The key fingerprint is:
[   14.854232] cloud-init[922]: SHA256:NKcr1V5x7PXLHBTDsX/iVjDWPgbcF7FERx89cumMtRY root@ubuntu-xenial
[   14.854267] cloud-init[922]: The key's randomart image is:
[   14.854300] cloud-init[922]: +--[ED25519 256]--+
[   14.854333] cloud-init[922]: |              o@B|
[   14.854365] cloud-init[922]: |            .ooE@|
[   14.854397] cloud-init[922]: |        o . .o&=O|
[   14.854431] cloud-init[922]: |       . =   *oX+|
[   14.854465] cloud-init[922]: |        S . . ++*|
[   14.854499] cloud-init[922]: |       . o . .+o=|
[   14.854530] cloud-init[922]: |      . . .   o+ |
[   14.854563] cloud-init[922]: |       .     .   |
[   14.854798] cloud-init[922]: |                 |
[   14.854838] cloud-init[922]: +----[SHA256]-----+
] Reached target Paths.
[[0;32m  OK  [0m] Listening on UUID daemon activation socket.
[[0;32m  OK  [0m] Started Daily apt download activities.
[[0;32m  OK  [0m] Started Daily apt upgrade and clean activities.
[[0;32m  OK  [0m] Listening on ACPID Listen Socket.
[[0;32m  OK  [0m] Started Daily Cleanup of Temporary Directories.
[[0;32m  OK  [0m] Reached target Timers.
[[0;32m  OK  [0m] Reached target Network is Online.
         Starting iSCSI initiator daemon (iscsid)...
[[0;32m  OK  [0m] Listening on LXD - unix socket.
[[0;32m  OK  [0m] Listening on Socket activation for snappy daemon.
[[0;32m  OK  [0m] Reached target Sockets.
[[0;32m  OK  [0m] Reached target Basic System.
[[0;32m  OK  [0m] Started ACPI event daemon.
         Starting LSB: MD monitoring daemon...
[[0;32m  OK  [0m] Started Regular background program processing daemon.
[[0;32m  OK  [0m] Started D-Bus System Message Bus.
         Starting System Logging Service...
         Starting Login Service...
         Starting Snappy daemon...
         Starting /etc/rc.local Compatibility...
         Starting Virtualbox guest utils...
[[0;32m  OK  [0m] Started Deferred execution scheduler.
         Starting LSB: Record successful boot for GRUB...
         Starting Pollinate to seed the pseudo random number generator...
[[0;32m  OK  [0m] Started FUSE filesystem for LXC.
         Starting Accounts Service...
[[0;32m  OK  [0m] Started Unattended Upgrades Shutdown.
         Starting LXD - container startup/shutdown...
[[0;32m  OK  [0m] Started System Logging Service.
[[0;32m  OK  [0m] Started /etc/rc.local Compatibility.
[[0;32m  OK  [0m] Started iSCSI initiator daemon (iscsid).
[[0;32m  OK  [0m] Started LSB: MD monitoring daemon.
[[0;32m  OK  [0m] Started LXD - container startup/shutdown.
[[0;32m  OK  [0m] Started Snappy daemon.
[[0;32m  OK  [0m] Started LSB: Record successful boot for GRUB.
[[0;32m  OK  [0m] Started Login Service.
         Starting Authenticate and Authorize Users to Run Privileged Tasks...
         Starting Wait until snapd is fully seeded...
         Starting Login to default iSCSI targets...
[[0;32m  OK  [0m] Started Virtualbox guest utils.
[[0;32m  OK  [0m] Started Authenticate and Authorize Users to Run Privileged Tasks.
[[0;32m  OK  [0m] Started Login to default iSCSI targets.
[[0;32m  OK  [0m] Started Accounts Service.
[[0;32m  OK  [0m] Started Pollinate to seed the pseudo random number generator.
         Starting OpenBSD Secure Shell server...
[[0;32m  OK  [0m] Reached target Remote File Systems (Pre).
[[0;32m  OK  [0m] Reached target Remote File Systems.
         Starting LSB: Set the CPU Frequency Scaling governor to "ondemand"...
         Starting LSB: daemon to balance interrupts for SMP systems...
         Starting LSB: automatic crash report generation...
         Starting Permit User Sessions...
[[0;32m  OK  [0m] Started OpenBSD Secure Shell server.
[[0;32m  OK  [0m] Started Permit User Sessions.
[[0;32m  OK  [0m] Started LSB: Set the CPU Frequency Scaling governor to "ondemand".
         Starting Hold until boot process finishes up...
         Starting Terminate Plymouth Boot Screen...
[[0;32m  OK  [0m] Started LSB: daemon to balance interrupts for SMP systems.
[[0;32m  OK  [0m] Started LSB: automatic crash report generation.
[[0;32m  OK  [0m] Started Hold until boot process finishes up.
[[0;32m  OK  [0m] Started Terminate Plymouth Boot Screen.
[[0;32m  OK  [0m] Started Getty on tty1.
[[0;32m  OK  [0m] Started Serial Getty on ttyS0.
[[0;32m  OK  [0m] Reached target Login Prompts.
         Starting Set console scheme...
[[0;32m  OK  [0m] Started Set console scheme.
[[0;32m  OK  [0m] Created slice User Slice of vagrant.
[[0;32m  OK  [0m] Started Session 1 of user vagrant.
         Starting User Manager for UID 1000...
[[0;32m  OK  [0m] Started User Manager for UID 1000.
[[0;32m  OK  [0m] Started Wait until snapd is fully seeded.
         Starting Apply the settings specified in cloud-config...
[[0;32m  OK  [0m] Reached target Multi-User System.
[[0;32m  OK  [0m] Reached target Graphical Interface.
         Starting Update UTMP about System Runlevel Changes...
[[0;32m  OK  [0m] Started Update UTMP about System Runlevel Changes.
[   18.686794] cloud-init[1311]: Generating locales (this might take a while)...
         Stopping User Manager for UID 1000...
[[0;32m  OK  [0m] Stopped User Manager for UID 1000.
[[0;32m  OK  [0m] Removed slice User Slice of vagrant.
[   19.935117] cloud-init[1311]:   en_US.UTF-8... done
[   19.961950] cloud-init[1311]: Generation complete.
[[0;32m  OK  [0m] Created slice User Slice of vagrant.
         Starting User Manager for UID 1000...
[[0;32m  OK  [0m] Started Session 2 of user vagrant.
[[0;32m  OK  [0m] Started User Manager for UID 1000.
[   20.462885] cloud-init[1311]: Cloud-init v. 18.3-9-g2e62cb8a-0ubuntu1~16.04.2 running 'modules:config' at Thu, 25 Oct 2018 18:20:21 +0000. Up 18.47 seconds.
[[0;32m  OK  [0m] Started Apply the settings specified in cloud-config.
         Starting Execute cloud user/final scripts...
ci-info: no authorized ssh keys fingerprints found for user ubuntu.
         Starting Hostname Service...
[[0;32m  OK  [0m] Started Hostname Service.
<14>Oct 25 18:20:24 ec2: 
<14>Oct 25 18:20:24 ec2: #############################################################
<14>Oct 25 18:20:24 ec2: -----BEGIN SSH HOST KEY FINGERPRINTS-----
<14>Oct 25 18:20:24 ec2: 1024 SHA256:g5fiGxCYbDmpToEaco6u35H7h2ipXncNcR6Z/uA4ax4 root@ubuntu-xenial (DSA)
<14>Oct 25 18:20:24 ec2: 256 SHA256:X/j75VAwPlHAGERqjuoQXSt/s5yOOuqjE4CjSQ3gmCs root@ubuntu-xenial (ECDSA)
<14>Oct 25 18:20:24 ec2: 256 SHA256:NKcr1V5x7PXLHBTDsX/iVjDWPgbcF7FERx89cumMtRY root@ubuntu-xenial (ED25519)
<14>Oct 25 18:20:24 ec2: 2048 SHA256:+oqbgx5fkrJqvErHzp/7qom92oEPavEMq9C1kLK2bpE root@ubuntu-xenial (RSA)
<14>Oct 25 18:20:24 ec2: -----END SSH HOST KEY FINGERPRINTS-----
<14>Oct 25 18:20:24 ec2: #############################################################
-----BEGIN SSH HOST KEY KEYS-----
ecdsa-sha2-nistp256 AAAAE2VjZHNhLXNoYTItbmlzdHAyNTYAAAAIbmlzdHAyNTYAAABBBEd4SFGjzCbQyVzYcKLWzgCuRKGKahMMLCigA84L8KUdXcVwuVOHAnWjTKEOe4JOSQp4LO01U36EUd/TOXgiLoQ= root@ubuntu-xenial
ssh-ed25519 AAAAC3NzaC1lZDI1NTE5AAAAIAJsemMobMFhdvzamTINLHRHiyqzGZhPQ/LV2r72al2C root@ubuntu-xenial
ssh-rsa AAAAB3NzaC1yc2EAAAADAQABAAABAQC/7er9dQxLLDqND5I5tK9mBihSnKrD7FlvuhcAzXVtfVcAo0M/FjymNIdrbdOlEnP2YUeZKt17CHpdulnV+C16/Vi5aIAG/gizP0TpKurjZA184I7kmARoovXIaClau7CCrz1WzQ/bnmfjUoet4VGJofYXgTYsUE45WPT5yDXweG+g2KfA8VjTnHM7IVJCZUibWnIsaY22ha9rweRCc7OZ2nW9mdIIS4mSGD2ZUEaTFRh90I7k88PzgkGxGWpz7IDMmzhS7i4/iboCvfR+dmTszsvKokitEgT05oStkry0WT0YjhmEDGDxbf8Kvwkf/kHd5xuHDNYkPWEqRkfqqd4P root@ubuntu-xenial
-----END SSH HOST KEY KEYS-----
[   21.261803] cloud-init[1537]: Cloud-init v. 18.3-9-g2e62cb8a-0ubuntu1~16.04.2 running 'modules:final' at Thu, 25 Oct 2018 18:20:23 +0000. Up 20.85 seconds.
[   21.304704] cloud-init[1537]: ci-info: no authorized ssh keys fingerprints found for user ubuntu.
[   21.310106] cloud-init[1537]: Cloud-init v. 18.3-9-g2e62cb8a-0ubuntu1~16.04.2 finished at Thu, 25 Oct 2018 18:20:24 +0000. Datasource DataSourceNoCloud [seed=/dev/sdb][dsmode=net].  Up 21.24 seconds
[[0;32m  OK  [0m] Started Execute cloud user/final scripts.
[[0;32m  OK  [0m] Reached target Cloud-init target.

Ubuntu 16.04.5 LTS default-ubuntu-1604 ttyS0

default-ubuntu-1604 login: 